{"C:\\Users\\kassi\\OneDrive\\Área de Trabalho\\PROJETOS DIZEVOLV\\Octoapps\\src\\utils\\parseNumber.ts": {"path":"C:\\Users\\kassi\\OneDrive\\Área de Trabalho\\PROJETOS DIZEVOLV\\Octoapps\\src\\utils\\parseNumber.ts","statementMap":{"0":{"start":{"line":17,"column":27},"end":{"line":58,"column":null}},"1":{"start":{"line":18,"column":2},"end":{"line":18,"column":null}},"2":{"start":{"line":18,"column":14},"end":{"line":18,"column":null}},"3":{"start":{"line":21,"column":19},"end":{"line":21,"column":null}},"4":{"start":{"line":25,"column":31},"end":{"line":25,"column":null}},"5":{"start":{"line":26,"column":2},"end":{"line":30,"column":null}},"6":{"start":{"line":28,"column":4},"end":{"line":28,"column":null}},"7":{"start":{"line":29,"column":4},"end":{"line":29,"column":null}},"8":{"start":{"line":33,"column":2},"end":{"line":35,"column":null}},"9":{"start":{"line":34,"column":4},"end":{"line":34,"column":null}},"10":{"start":{"line":38,"column":2},"end":{"line":40,"column":null}},"11":{"start":{"line":39,"column":4},"end":{"line":39,"column":null}},"12":{"start":{"line":45,"column":2},"end":{"line":54,"column":null}},"13":{"start":{"line":46,"column":4},"end":{"line":53,"column":null}},"14":{"start":{"line":48,"column":6},"end":{"line":48,"column":null}},"15":{"start":{"line":51,"column":6},"end":{"line":51,"column":null}},"16":{"start":{"line":52,"column":6},"end":{"line":52,"column":null}},"17":{"start":{"line":57,"column":2},"end":{"line":57,"column":null}}},"fnMap":{"0":{"name":"(anonymous_0)","decl":{"start":{"line":17,"column":27},"end":{"line":17,"column":28}},"loc":{"start":{"line":17,"column":54},"end":{"line":58,"column":null}},"line":17}},"branchMap":{"0":{"loc":{"start":{"line":18,"column":2},"end":{"line":18,"column":null}},"type":"if","locations":[{"start":{"line":18,"column":2},"end":{"line":18,"column":null}},{"start":{},"end":{}}],"line":18},"1":{"loc":{"start":{"line":26,"column":2},"end":{"line":30,"column":null}},"type":"if","locations":[{"start":{"line":26,"column":2},"end":{"line":30,"column":null}},{"start":{},"end":{}}],"line":26},"2":{"loc":{"start":{"line":29,"column":11},"end":{"line":29,"column":null}},"type":"binary-expr","locations":[{"start":{"line":29,"column":11},"end":{"line":29,"column":37}},{"start":{"line":29,"column":37},"end":{"line":29,"column":null}}],"line":29},"3":{"loc":{"start":{"line":33,"column":2},"end":{"line":35,"column":null}},"type":"if","locations":[{"start":{"line":33,"column":2},"end":{"line":35,"column":null}},{"start":{},"end":{}}],"line":33},"4":{"loc":{"start":{"line":38,"column":2},"end":{"line":40,"column":null}},"type":"if","locations":[{"start":{"line":38,"column":2},"end":{"line":40,"column":null}},{"start":{},"end":{}}],"line":38},"5":{"loc":{"start":{"line":45,"column":2},"end":{"line":54,"column":null}},"type":"if","locations":[{"start":{"line":45,"column":2},"end":{"line":54,"column":null}},{"start":{},"end":{}}],"line":45},"6":{"loc":{"start":{"line":46,"column":4},"end":{"line":53,"column":null}},"type":"if","locations":[{"start":{"line":46,"column":4},"end":{"line":53,"column":null}},{"start":{"line":49,"column":11},"end":{"line":53,"column":null}}],"line":46},"7":{"loc":{"start":{"line":46,"column":8},"end":{"line":46,"column":69}},"type":"binary-expr","locations":[{"start":{"line":46,"column":8},"end":{"line":46,"column":39}},{"start":{"line":46,"column":39},"end":{"line":46,"column":69}}],"line":46},"8":{"loc":{"start":{"line":48,"column":13},"end":{"line":48,"column":null}},"type":"binary-expr","locations":[{"start":{"line":48,"column":13},"end":{"line":48,"column":39}},{"start":{"line":48,"column":39},"end":{"line":48,"column":null}}],"line":48},"9":{"loc":{"start":{"line":52,"column":13},"end":{"line":52,"column":null}},"type":"binary-expr","locations":[{"start":{"line":52,"column":13},"end":{"line":52,"column":39}},{"start":{"line":52,"column":39},"end":{"line":52,"column":null}}],"line":52},"10":{"loc":{"start":{"line":57,"column":9},"end":{"line":57,"column":null}},"type":"binary-expr","locations":[{"start":{"line":57,"column":9},"end":{"line":57,"column":35}},{"start":{"line":57,"column":35},"end":{"line":57,"column":null}}],"line":57}},"s":{"0":1,"1":35,"2":1,"3":34,"4":34,"5":34,"6":11,"7":11,"8":23,"9":0,"10":23,"11":0,"12":23,"13":12,"14":7,"15":5,"16":5,"17":11},"f":{"0":35},"b":{"0":[1,34],"1":[11,23],"2":[11,0],"3":[0,23],"4":[0,23],"5":[12,11],"6":[7,5],"7":[12,6],"8":[7,0],"9":[5,0],"10":[11,3]},"meta":{"lastBranch":11,"lastFunction":1,"lastStatement":18,"seen":{"s:17:27:58:Infinity":0,"f:17:27:17:28":0,"b:18:2:18:Infinity:undefined:undefined:undefined:undefined":0,"s:18:2:18:Infinity":1,"s:18:14:18:Infinity":2,"s:21:19:21:Infinity":3,"s:25:31:25:Infinity":4,"b:26:2:30:Infinity:undefined:undefined:undefined:undefined":1,"s:26:2:30:Infinity":5,"s:28:4:28:Infinity":6,"s:29:4:29:Infinity":7,"b:29:11:29:37:29:37:29:Infinity":2,"b:33:2:35:Infinity:undefined:undefined:undefined:undefined":3,"s:33:2:35:Infinity":8,"s:34:4:34:Infinity":9,"b:38:2:40:Infinity:undefined:undefined:undefined:undefined":4,"s:38:2:40:Infinity":10,"s:39:4:39:Infinity":11,"b:45:2:54:Infinity:undefined:undefined:undefined:undefined":5,"s:45:2:54:Infinity":12,"b:46:4:53:Infinity:49:11:53:Infinity":6,"s:46:4:53:Infinity":13,"b:46:8:46:39:46:39:46:69":7,"s:48:6:48:Infinity":14,"b:48:13:48:39:48:39:48:Infinity":8,"s:51:6:51:Infinity":15,"s:52:6:52:Infinity":16,"b:52:13:52:39:52:39:52:Infinity":9,"s:57:2:57:Infinity":17,"b:57:9:57:35:57:35:57:Infinity":10}}}
}
